2025-05-30 23:04:57,851 - INFO - [fetch_and_save] Símbolo=TSLA, de None até None, intervalo:(1m), período:(1d), auto_adjust:(True)
2025-05-30 23:05:32,896 - INFO - [fetch_and_save] Símbolo=TSLA, de None até None, intervalo:(1m), período:(1d), auto_adjust:(True)
2025-05-30 23:05:44,412 - INFO - [fetch_and_save] Símbolo=TSLA, de None até None, intervalo:(1m), período:(1d), auto_adjust:(True)
2025-05-30 23:20:09,764 - INFO - [fetch_and_save] Símbolo=TSLA, de None até None, intervalo:(1m), período:(1d), auto_adjust:(True)
2025-05-30 23:20:11,875 - INFO - • Nenhuma linha nova para adicionar (já existe um registro com mesmo timestamp).
2025-06-03 08:24:04,133 - INFO - [fetch_and_save] Símbolo=TSLA, de None até None, intervalo:(1m), período:(1d), auto_adjust:(True)
2025-06-03 08:24:28,685 - INFO - [fetch_and_save] Símbolo=TSLA, de None até None, intervalo:(1m), período:(1d), auto_adjust:(True)
2025-06-03 08:24:44,215 - INFO - [fetch_and_save] Símbolo=TSLA, de None até None, intervalo:(1m), período:(1d), auto_adjust:(True)
2025-06-03 08:24:46,434 - WARNING - Erro ao ler o checkpoint em 'data/TSLA_checkpoint.json'.
2025-06-03 08:26:54,775 - INFO - [fetch_and_save] Símbolo=TSLA, de None até None, intervalo:(1m), período:(1d), auto_adjust:(True)
2025-06-03 08:26:56,841 - WARNING - Erro ao ler o checkpoint em 'data/TSLA_checkpoint.json'.
2025-06-03 08:26:56,848 - INFO - write timestamp: 2025-06-02 19:59:00
2025-06-03 08:29:29,433 - INFO - [fetch_and_save] Símbolo=TSLA, de None até None, intervalo:(1m), período:(1d), auto_adjust:(True)
2025-06-03 08:29:31,613 - WARNING - Erro ao ler o checkpoint em 'data/TSLA_checkpoint.json'.
2025-06-03 08:29:31,620 - INFO - write timestamp: 2025-06-02 19:59:00
2025-06-03 08:30:13,709 - INFO - [fetch_and_save] Símbolo=TSLA, de None até None, intervalo:(1m), período:(1d), auto_adjust:(True)
2025-06-03 08:30:15,815 - WARNING - Erro ao ler o checkpoint em 'data/TSLA_checkpoint.json'.
2025-06-03 08:30:15,821 - INFO - write timestamp: 2025-06-02 19:59:00
2025-06-03 08:31:19,700 - INFO - [fetch_and_save] Símbolo=TSLA, de None até None, intervalo:(1m), período:(1d), auto_adjust:(True)
2025-06-03 08:31:21,769 - WARNING - Erro ao ler o checkpoint em 'data/TSLA_checkpoint.json'.
2025-06-03 08:31:21,776 - INFO - write timestamp: 2025-06-02 19:59:00
2025-06-03 08:31:21,776 - INFO - • Adicionadas 389 linhas novas a 'TSLA_evolution.csv'. Checkpoint JSON atualizado para 2025-06-02 19:59:00.
2025-06-03 08:31:37,224 - INFO - [fetch_and_save] Símbolo=TSLA, de None até None, intervalo:(1m), período:(1d), auto_adjust:(True)
2025-06-03 08:33:39,990 - INFO - [fetch_and_save] Símbolo=TSLA, de None até None, intervalo:(1m), período:(1d), auto_adjust:(True)
2025-06-03 08:33:42,094 - INFO - • Nenhuma linha nova para adicionar (já processado).
2025-06-03 08:36:12,263 - INFO - [fetch_and_save] Símbolo=TSLA, de None até None, intervalo:(1m), período:(1d), auto_adjust:(True)
2025-06-03 08:36:15,685 - INFO - • Nenhuma linha nova para adicionar (já processado).
